
*** Running vivado
    with args -log microblaze_bd_wrapper.vds -m64 -product Vivado -mode batch -messageDb vivado.pb -notrace -source microblaze_bd_wrapper.tcl


****** Vivado v2019.2 (64-bit)
  **** SW Build 2708876 on Wed Nov  6 21:39:14 MST 2019
  **** IP Build 2700528 on Thu Nov  7 00:09:20 MST 2019
    ** Copyright 1986-2019 Xilinx, Inc. All Rights Reserved.

source microblaze_bd_wrapper.tcl -notrace
INFO: [IP_Flow 19-234] Refreshing IP repositories
INFO: [IP_Flow 19-1704] No user IP repositories specified
INFO: [IP_Flow 19-2313] Loaded Vivado IP repository '/tools/Xilinx/Vivado/2019.2/data/ip'.
Command: synth_design -top microblaze_bd_wrapper -part xc7a100tcsg324-1
Starting synth_design
Attempting to get a license for feature 'Synthesis' and/or device 'xc7a100t'
INFO: [Common 17-349] Got license for feature 'Synthesis' and/or device 'xc7a100t'
INFO: [Device 21-403] Loading part xc7a100tcsg324-1
INFO: Launching helper process for spawning children vivado processes
INFO: Helper process launched with PID 20761 
---------------------------------------------------------------------------------
Starting RTL Elaboration : Time (s): cpu = 00:00:03 ; elapsed = 00:00:05 . Memory (MB): peak = 2013.750 ; gain = 201.684 ; free physical = 224 ; free virtual = 3623
---------------------------------------------------------------------------------
INFO: [Synth 8-638] synthesizing module 'microblaze_bd_wrapper' [/home/javier/Desktop/Debian2/02_microblaze_axi_Artix7/02_microblaze_axi.srcs/sources_1/bd/microblaze_bd/hdl/microblaze_bd_wrapper.vhd:27]
INFO: [Synth 8-3491] module 'microblaze_bd' declared at '/home/javier/Desktop/Debian2/02_microblaze_axi_Artix7/02_microblaze_axi.srcs/sources_1/bd/microblaze_bd/synth/microblaze_bd.vhd:1812' bound to instance 'microblaze_bd_i' of component 'microblaze_bd' [/home/javier/Desktop/Debian2/02_microblaze_axi_Artix7/02_microblaze_axi.srcs/sources_1/bd/microblaze_bd/hdl/microblaze_bd_wrapper.vhd:41]
INFO: [Synth 8-638] synthesizing module 'microblaze_bd' [/home/javier/Desktop/Debian2/02_microblaze_axi_Artix7/02_microblaze_axi.srcs/sources_1/bd/microblaze_bd/synth/microblaze_bd.vhd:1829]
INFO: [Synth 8-3491] module 'microblaze_bd_axi_gpio_0_0' declared at '/home/javier/Desktop/Debian2/02_microblaze_axi_Artix7/02_microblaze_axi.runs/synth_1/.Xil/Vivado-20698-Tars/realtime/microblaze_bd_axi_gpio_0_0_stub.vhdl:5' bound to instance 'axi_gpio_0' of component 'microblaze_bd_axi_gpio_0_0' [/home/javier/Desktop/Debian2/02_microblaze_axi_Artix7/02_microblaze_axi.srcs/sources_1/bd/microblaze_bd/synth/microblaze_bd.vhd:2177]
INFO: [Synth 8-638] synthesizing module 'microblaze_bd_axi_gpio_0_0' [/home/javier/Desktop/Debian2/02_microblaze_axi_Artix7/02_microblaze_axi.runs/synth_1/.Xil/Vivado-20698-Tars/realtime/microblaze_bd_axi_gpio_0_0_stub.vhdl:32]
INFO: [Synth 8-3491] module 'microblaze_bd_axi_uartlite_0_0' declared at '/home/javier/Desktop/Debian2/02_microblaze_axi_Artix7/02_microblaze_axi.runs/synth_1/.Xil/Vivado-20698-Tars/realtime/microblaze_bd_axi_uartlite_0_0_stub.vhdl:5' bound to instance 'axi_uartlite_0' of component 'microblaze_bd_axi_uartlite_0_0' [/home/javier/Desktop/Debian2/02_microblaze_axi_Artix7/02_microblaze_axi.srcs/sources_1/bd/microblaze_bd/synth/microblaze_bd.vhd:2201]
INFO: [Synth 8-638] synthesizing module 'microblaze_bd_axi_uartlite_0_0' [/home/javier/Desktop/Debian2/02_microblaze_axi_Artix7/02_microblaze_axi.runs/synth_1/.Xil/Vivado-20698-Tars/realtime/microblaze_bd_axi_uartlite_0_0_stub.vhdl:33]
INFO: [Synth 8-3491] module 'microblaze_bd_axi_uartlite_1_0' declared at '/home/javier/Desktop/Debian2/02_microblaze_axi_Artix7/02_microblaze_axi.runs/synth_1/.Xil/Vivado-20698-Tars/realtime/microblaze_bd_axi_uartlite_1_0_stub.vhdl:5' bound to instance 'axi_uartlite_1' of component 'microblaze_bd_axi_uartlite_1_0' [/home/javier/Desktop/Debian2/02_microblaze_axi_Artix7/02_microblaze_axi.srcs/sources_1/bd/microblaze_bd/synth/microblaze_bd.vhd:2226]
INFO: [Synth 8-638] synthesizing module 'microblaze_bd_axi_uartlite_1_0' [/home/javier/Desktop/Debian2/02_microblaze_axi_Artix7/02_microblaze_axi.runs/synth_1/.Xil/Vivado-20698-Tars/realtime/microblaze_bd_axi_uartlite_1_0_stub.vhdl:33]
INFO: [Synth 8-3491] module 'microblaze_bd_clk_wiz_1_0' declared at '/home/javier/Desktop/Debian2/02_microblaze_axi_Artix7/02_microblaze_axi.runs/synth_1/.Xil/Vivado-20698-Tars/realtime/microblaze_bd_clk_wiz_1_0_stub.vhdl:5' bound to instance 'clk_wiz_1' of component 'microblaze_bd_clk_wiz_1_0' [/home/javier/Desktop/Debian2/02_microblaze_axi_Artix7/02_microblaze_axi.srcs/sources_1/bd/microblaze_bd/synth/microblaze_bd.vhd:2251]
INFO: [Synth 8-638] synthesizing module 'microblaze_bd_clk_wiz_1_0' [/home/javier/Desktop/Debian2/02_microblaze_axi_Artix7/02_microblaze_axi.runs/synth_1/.Xil/Vivado-20698-Tars/realtime/microblaze_bd_clk_wiz_1_0_stub.vhdl:14]
INFO: [Synth 8-3491] module 'microblaze_bd_mdm_1_0' declared at '/home/javier/Desktop/Debian2/02_microblaze_axi_Artix7/02_microblaze_axi.runs/synth_1/.Xil/Vivado-20698-Tars/realtime/microblaze_bd_mdm_1_0_stub.vhdl:5' bound to instance 'mdm_1' of component 'microblaze_bd_mdm_1_0' [/home/javier/Desktop/Debian2/02_microblaze_axi_Artix7/02_microblaze_axi.srcs/sources_1/bd/microblaze_bd/synth/microblaze_bd.vhd:2257]
INFO: [Synth 8-638] synthesizing module 'microblaze_bd_mdm_1_0' [/home/javier/Desktop/Debian2/02_microblaze_axi_Artix7/02_microblaze_axi.runs/synth_1/.Xil/Vivado-20698-Tars/realtime/microblaze_bd_mdm_1_0_stub.vhdl:41]
INFO: [Synth 8-3491] module 'microblaze_bd_microblaze_0_0' declared at '/home/javier/Desktop/Debian2/02_microblaze_axi_Artix7/02_microblaze_axi.runs/synth_1/.Xil/Vivado-20698-Tars/realtime/microblaze_bd_microblaze_0_0_stub.vhdl:5' bound to instance 'microblaze_0' of component 'microblaze_bd_microblaze_0_0' [/home/javier/Desktop/Debian2/02_microblaze_axi_Artix7/02_microblaze_axi.srcs/sources_1/bd/microblaze_bd/synth/microblaze_bd.vhd:2290]
INFO: [Synth 8-638] synthesizing module 'microblaze_bd_microblaze_0_0' [/home/javier/Desktop/Debian2/02_microblaze_axi_Artix7/02_microblaze_axi.runs/synth_1/.Xil/Vivado-20698-Tars/realtime/microblaze_bd_microblaze_0_0_stub.vhdl:63]
INFO: [Synth 8-638] synthesizing module 'microblaze_bd_microblaze_0_axi_periph_0' [/home/javier/Desktop/Debian2/02_microblaze_axi_Artix7/02_microblaze_axi.srcs/sources_1/bd/microblaze_bd/synth/microblaze_bd.vhd:1191]
INFO: [Synth 8-638] synthesizing module 'm00_couplers_imp_1GX5BAW' [/home/javier/Desktop/Debian2/02_microblaze_axi_Artix7/02_microblaze_axi.srcs/sources_1/bd/microblaze_bd/synth/microblaze_bd.vhd:57]
INFO: [Synth 8-256] done synthesizing module 'm00_couplers_imp_1GX5BAW' (1#1) [/home/javier/Desktop/Debian2/02_microblaze_axi_Artix7/02_microblaze_axi.srcs/sources_1/bd/microblaze_bd/synth/microblaze_bd.vhd:57]
INFO: [Synth 8-638] synthesizing module 'm01_couplers_imp_AHFLIK' [/home/javier/Desktop/Debian2/02_microblaze_axi_Artix7/02_microblaze_axi.srcs/sources_1/bd/microblaze_bd/synth/microblaze_bd.vhd:158]
INFO: [Synth 8-256] done synthesizing module 'm01_couplers_imp_AHFLIK' (2#1) [/home/javier/Desktop/Debian2/02_microblaze_axi_Artix7/02_microblaze_axi.srcs/sources_1/bd/microblaze_bd/synth/microblaze_bd.vhd:158]
INFO: [Synth 8-638] synthesizing module 'm02_couplers_imp_N2S5U9' [/home/javier/Desktop/Debian2/02_microblaze_axi_Artix7/02_microblaze_axi.srcs/sources_1/bd/microblaze_bd/synth/microblaze_bd.vhd:259]
INFO: [Synth 8-256] done synthesizing module 'm02_couplers_imp_N2S5U9' (3#1) [/home/javier/Desktop/Debian2/02_microblaze_axi_Artix7/02_microblaze_axi.srcs/sources_1/bd/microblaze_bd/synth/microblaze_bd.vhd:259]
INFO: [Synth 8-638] synthesizing module 'm03_couplers_imp_1JLHGSL' [/home/javier/Desktop/Debian2/02_microblaze_axi_Artix7/02_microblaze_axi.srcs/sources_1/bd/microblaze_bd/synth/microblaze_bd.vhd:360]
INFO: [Synth 8-256] done synthesizing module 'm03_couplers_imp_1JLHGSL' (4#1) [/home/javier/Desktop/Debian2/02_microblaze_axi_Artix7/02_microblaze_axi.srcs/sources_1/bd/microblaze_bd/synth/microblaze_bd.vhd:360]
INFO: [Synth 8-638] synthesizing module 's00_couplers_imp_18T27T3' [/home/javier/Desktop/Debian2/02_microblaze_axi_Artix7/02_microblaze_axi.srcs/sources_1/bd/microblaze_bd/synth/microblaze_bd.vhd:1023]
INFO: [Synth 8-256] done synthesizing module 's00_couplers_imp_18T27T3' (5#1) [/home/javier/Desktop/Debian2/02_microblaze_axi_Artix7/02_microblaze_axi.srcs/sources_1/bd/microblaze_bd/synth/microblaze_bd.vhd:1023]
INFO: [Synth 8-3491] module 'microblaze_bd_xbar_0' declared at '/home/javier/Desktop/Debian2/02_microblaze_axi_Artix7/02_microblaze_axi.runs/synth_1/.Xil/Vivado-20698-Tars/realtime/microblaze_bd_xbar_0_stub.vhdl:5' bound to instance 'xbar' of component 'microblaze_bd_xbar_0' [/home/javier/Desktop/Debian2/02_microblaze_axi_Artix7/02_microblaze_axi.srcs/sources_1/bd/microblaze_bd/synth/microblaze_bd.vhd:1713]
INFO: [Synth 8-638] synthesizing module 'microblaze_bd_xbar_0' [/home/javier/Desktop/Debian2/02_microblaze_axi_Artix7/02_microblaze_axi.runs/synth_1/.Xil/Vivado-20698-Tars/realtime/microblaze_bd_xbar_0_stub.vhdl:51]
INFO: [Synth 8-256] done synthesizing module 'microblaze_bd_microblaze_0_axi_periph_0' (6#1) [/home/javier/Desktop/Debian2/02_microblaze_axi_Artix7/02_microblaze_axi.srcs/sources_1/bd/microblaze_bd/synth/microblaze_bd.vhd:1191]
INFO: [Synth 8-638] synthesizing module 'microblaze_0_local_memory_imp_RJMXF7' [/home/javier/Desktop/Debian2/02_microblaze_axi_Artix7/02_microblaze_axi.srcs/sources_1/bd/microblaze_bd/synth/microblaze_bd.vhd:444]
INFO: [Synth 8-3491] module 'microblaze_bd_dlmb_bram_if_cntlr_0' declared at '/home/javier/Desktop/Debian2/02_microblaze_axi_Artix7/02_microblaze_axi.runs/synth_1/.Xil/Vivado-20698-Tars/realtime/microblaze_bd_dlmb_bram_if_cntlr_0_stub.vhdl:5' bound to instance 'dlmb_bram_if_cntlr' of component 'microblaze_bd_dlmb_bram_if_cntlr_0' [/home/javier/Desktop/Debian2/02_microblaze_axi_Artix7/02_microblaze_axi.srcs/sources_1/bd/microblaze_bd/synth/microblaze_bd.vhd:658]
INFO: [Synth 8-638] synthesizing module 'microblaze_bd_dlmb_bram_if_cntlr_0' [/home/javier/Desktop/Debian2/02_microblaze_axi_Artix7/02_microblaze_axi.runs/synth_1/.Xil/Vivado-20698-Tars/realtime/microblaze_bd_dlmb_bram_if_cntlr_0_stub.vhdl:31]
INFO: [Synth 8-3491] module 'microblaze_bd_dlmb_v10_0' declared at '/home/javier/Desktop/Debian2/02_microblaze_axi_Artix7/02_microblaze_axi.runs/synth_1/.Xil/Vivado-20698-Tars/realtime/microblaze_bd_dlmb_v10_0_stub.vhdl:5' bound to instance 'dlmb_v10' of component 'microblaze_bd_dlmb_v10_0' [/home/javier/Desktop/Debian2/02_microblaze_axi_Artix7/02_microblaze_axi.srcs/sources_1/bd/microblaze_bd/synth/microblaze_bd.vhd:712]
INFO: [Synth 8-638] synthesizing module 'microblaze_bd_dlmb_v10_0' [/home/javier/Desktop/Debian2/02_microblaze_axi_Artix7/02_microblaze_axi.runs/synth_1/.Xil/Vivado-20698-Tars/realtime/microblaze_bd_dlmb_v10_0_stub.vhdl:36]
INFO: [Synth 8-3491] module 'microblaze_bd_ilmb_bram_if_cntlr_0' declared at '/home/javier/Desktop/Debian2/02_microblaze_axi_Artix7/02_microblaze_axi.runs/synth_1/.Xil/Vivado-20698-Tars/realtime/microblaze_bd_ilmb_bram_if_cntlr_0_stub.vhdl:5' bound to instance 'ilmb_bram_if_cntlr' of component 'microblaze_bd_ilmb_bram_if_cntlr_0' [/home/javier/Desktop/Debian2/02_microblaze_axi_Artix7/02_microblaze_axi.srcs/sources_1/bd/microblaze_bd/synth/microblaze_bd.vhd:740]
INFO: [Synth 8-638] synthesizing module 'microblaze_bd_ilmb_bram_if_cntlr_0' [/home/javier/Desktop/Debian2/02_microblaze_axi_Artix7/02_microblaze_axi.runs/synth_1/.Xil/Vivado-20698-Tars/realtime/microblaze_bd_ilmb_bram_if_cntlr_0_stub.vhdl:31]
INFO: [Synth 8-3491] module 'microblaze_bd_ilmb_v10_0' declared at '/home/javier/Desktop/Debian2/02_microblaze_axi_Artix7/02_microblaze_axi.runs/synth_1/.Xil/Vivado-20698-Tars/realtime/microblaze_bd_ilmb_v10_0_stub.vhdl:5' bound to instance 'ilmb_v10' of component 'microblaze_bd_ilmb_v10_0' [/home/javier/Desktop/Debian2/02_microblaze_axi_Artix7/02_microblaze_axi.srcs/sources_1/bd/microblaze_bd/synth/microblaze_bd.vhd:794]
INFO: [Synth 8-638] synthesizing module 'microblaze_bd_ilmb_v10_0' [/home/javier/Desktop/Debian2/02_microblaze_axi_Artix7/02_microblaze_axi.runs/synth_1/.Xil/Vivado-20698-Tars/realtime/microblaze_bd_ilmb_v10_0_stub.vhdl:36]
INFO: [Synth 8-3491] module 'microblaze_bd_lmb_bram_0' declared at '/home/javier/Desktop/Debian2/02_microblaze_axi_Artix7/02_microblaze_axi.runs/synth_1/.Xil/Vivado-20698-Tars/realtime/microblaze_bd_lmb_bram_0_stub.vhdl:5' bound to instance 'lmb_bram' of component 'microblaze_bd_lmb_bram_0' [/home/javier/Desktop/Debian2/02_microblaze_axi_Artix7/02_microblaze_axi.srcs/sources_1/bd/microblaze_bd/synth/microblaze_bd.vhd:822]
INFO: [Synth 8-638] synthesizing module 'microblaze_bd_lmb_bram_0' [/home/javier/Desktop/Debian2/02_microblaze_axi_Artix7/02_microblaze_axi.runs/synth_1/.Xil/Vivado-20698-Tars/realtime/microblaze_bd_lmb_bram_0_stub.vhdl:27]
INFO: [Synth 8-256] done synthesizing module 'microblaze_0_local_memory_imp_RJMXF7' (7#1) [/home/javier/Desktop/Debian2/02_microblaze_axi_Artix7/02_microblaze_axi.srcs/sources_1/bd/microblaze_bd/synth/microblaze_bd.vhd:444]
INFO: [Synth 8-3491] module 'microblaze_bd_rst_clk_wiz_1_100M_0' declared at '/home/javier/Desktop/Debian2/02_microblaze_axi_Artix7/02_microblaze_axi.runs/synth_1/.Xil/Vivado-20698-Tars/realtime/microblaze_bd_rst_clk_wiz_1_100M_0_stub.vhdl:5' bound to instance 'rst_clk_wiz_1_100M' of component 'microblaze_bd_rst_clk_wiz_1_100M_0' [/home/javier/Desktop/Debian2/02_microblaze_axi_Artix7/02_microblaze_axi.srcs/sources_1/bd/microblaze_bd/synth/microblaze_bd.vhd:2471]
INFO: [Synth 8-638] synthesizing module 'microblaze_bd_rst_clk_wiz_1_100M_0' [/home/javier/Desktop/Debian2/02_microblaze_axi_Artix7/02_microblaze_axi.runs/synth_1/.Xil/Vivado-20698-Tars/realtime/microblaze_bd_rst_clk_wiz_1_100M_0_stub.vhdl:21]
INFO: [Synth 8-256] done synthesizing module 'microblaze_bd' (8#1) [/home/javier/Desktop/Debian2/02_microblaze_axi_Artix7/02_microblaze_axi.srcs/sources_1/bd/microblaze_bd/synth/microblaze_bd.vhd:1829]
INFO: [Synth 8-256] done synthesizing module 'microblaze_bd_wrapper' (9#1) [/home/javier/Desktop/Debian2/02_microblaze_axi_Artix7/02_microblaze_axi.srcs/sources_1/bd/microblaze_bd/hdl/microblaze_bd_wrapper.vhd:27]
WARNING: [Synth 8-3331] design s00_couplers_imp_18T27T3 has unconnected port M_ACLK
WARNING: [Synth 8-3331] design s00_couplers_imp_18T27T3 has unconnected port M_ARESETN
WARNING: [Synth 8-3331] design s00_couplers_imp_18T27T3 has unconnected port S_ACLK
WARNING: [Synth 8-3331] design s00_couplers_imp_18T27T3 has unconnected port S_ARESETN
WARNING: [Synth 8-3331] design m03_couplers_imp_1JLHGSL has unconnected port M_ACLK
WARNING: [Synth 8-3331] design m03_couplers_imp_1JLHGSL has unconnected port M_ARESETN
WARNING: [Synth 8-3331] design m03_couplers_imp_1JLHGSL has unconnected port S_ACLK
WARNING: [Synth 8-3331] design m03_couplers_imp_1JLHGSL has unconnected port S_ARESETN
WARNING: [Synth 8-3331] design m02_couplers_imp_N2S5U9 has unconnected port M_ACLK
WARNING: [Synth 8-3331] design m02_couplers_imp_N2S5U9 has unconnected port M_ARESETN
WARNING: [Synth 8-3331] design m02_couplers_imp_N2S5U9 has unconnected port S_ACLK
WARNING: [Synth 8-3331] design m02_couplers_imp_N2S5U9 has unconnected port S_ARESETN
WARNING: [Synth 8-3331] design m01_couplers_imp_AHFLIK has unconnected port M_ACLK
WARNING: [Synth 8-3331] design m01_couplers_imp_AHFLIK has unconnected port M_ARESETN
WARNING: [Synth 8-3331] design m01_couplers_imp_AHFLIK has unconnected port S_ACLK
WARNING: [Synth 8-3331] design m01_couplers_imp_AHFLIK has unconnected port S_ARESETN
WARNING: [Synth 8-3331] design m00_couplers_imp_1GX5BAW has unconnected port M_ACLK
WARNING: [Synth 8-3331] design m00_couplers_imp_1GX5BAW has unconnected port M_ARESETN
WARNING: [Synth 8-3331] design m00_couplers_imp_1GX5BAW has unconnected port S_ACLK
WARNING: [Synth 8-3331] design m00_couplers_imp_1GX5BAW has unconnected port S_ARESETN
WARNING: [Synth 8-3331] design microblaze_bd_microblaze_0_axi_periph_0 has unconnected port M00_ACLK
WARNING: [Synth 8-3331] design microblaze_bd_microblaze_0_axi_periph_0 has unconnected port M00_ARESETN
WARNING: [Synth 8-3331] design microblaze_bd_microblaze_0_axi_periph_0 has unconnected port M01_ACLK
WARNING: [Synth 8-3331] design microblaze_bd_microblaze_0_axi_periph_0 has unconnected port M01_ARESETN
WARNING: [Synth 8-3331] design microblaze_bd_microblaze_0_axi_periph_0 has unconnected port M02_ACLK
WARNING: [Synth 8-3331] design microblaze_bd_microblaze_0_axi_periph_0 has unconnected port M02_ARESETN
WARNING: [Synth 8-3331] design microblaze_bd_microblaze_0_axi_periph_0 has unconnected port M03_ACLK
WARNING: [Synth 8-3331] design microblaze_bd_microblaze_0_axi_periph_0 has unconnected port M03_ARESETN
WARNING: [Synth 8-3331] design microblaze_bd_microblaze_0_axi_periph_0 has unconnected port S00_ACLK
WARNING: [Synth 8-3331] design microblaze_bd_microblaze_0_axi_periph_0 has unconnected port S00_ARESETN
---------------------------------------------------------------------------------
Finished RTL Elaboration : Time (s): cpu = 00:00:04 ; elapsed = 00:00:06 . Memory (MB): peak = 2080.469 ; gain = 268.402 ; free physical = 254 ; free virtual = 3654
---------------------------------------------------------------------------------

Report Check Netlist: 
+------+------------------+-------+---------+-------+------------------+
|      |Item              |Errors |Warnings |Status |Description       |
+------+------------------+-------+---------+-------+------------------+
|1     |multi_driven_nets |      0|        0|Passed |Multi driven nets |
+------+------------------+-------+---------+-------+------------------+
---------------------------------------------------------------------------------
Start Handling Custom Attributes
---------------------------------------------------------------------------------
---------------------------------------------------------------------------------
Finished Handling Custom Attributes : Time (s): cpu = 00:00:05 ; elapsed = 00:00:07 . Memory (MB): peak = 2083.438 ; gain = 271.371 ; free physical = 249 ; free virtual = 3650
---------------------------------------------------------------------------------
---------------------------------------------------------------------------------
Finished RTL Optimization Phase 1 : Time (s): cpu = 00:00:05 ; elapsed = 00:00:07 . Memory (MB): peak = 2083.438 ; gain = 271.371 ; free physical = 249 ; free virtual = 3650
---------------------------------------------------------------------------------
Netlist sorting complete. Time (s): cpu = 00:00:00.01 ; elapsed = 00:00:00.01 . Memory (MB): peak = 2083.438 ; gain = 0.000 ; free physical = 241 ; free virtual = 3642
INFO: [Project 1-570] Preparing netlist for logic optimization

Processing XDC Constraints
Initializing timing engine
Parsing XDC File [/home/javier/Desktop/Debian2/02_microblaze_axi_Artix7/02_microblaze_axi.srcs/sources_1/bd/microblaze_bd/ip/microblaze_bd_microblaze_0_0/microblaze_bd_microblaze_0_0/microblaze_bd_microblaze_0_0_in_context.xdc] for cell 'microblaze_bd_i/microblaze_0'
Finished Parsing XDC File [/home/javier/Desktop/Debian2/02_microblaze_axi_Artix7/02_microblaze_axi.srcs/sources_1/bd/microblaze_bd/ip/microblaze_bd_microblaze_0_0/microblaze_bd_microblaze_0_0/microblaze_bd_microblaze_0_0_in_context.xdc] for cell 'microblaze_bd_i/microblaze_0'
Parsing XDC File [/home/javier/Desktop/Debian2/02_microblaze_axi_Artix7/02_microblaze_axi.srcs/sources_1/bd/microblaze_bd/ip/microblaze_bd_dlmb_v10_0/microblaze_bd_dlmb_v10_0/microblaze_bd_dlmb_v10_0_in_context.xdc] for cell 'microblaze_bd_i/microblaze_0_local_memory/dlmb_v10'
Finished Parsing XDC File [/home/javier/Desktop/Debian2/02_microblaze_axi_Artix7/02_microblaze_axi.srcs/sources_1/bd/microblaze_bd/ip/microblaze_bd_dlmb_v10_0/microblaze_bd_dlmb_v10_0/microblaze_bd_dlmb_v10_0_in_context.xdc] for cell 'microblaze_bd_i/microblaze_0_local_memory/dlmb_v10'
Parsing XDC File [/home/javier/Desktop/Debian2/02_microblaze_axi_Artix7/02_microblaze_axi.srcs/sources_1/bd/microblaze_bd/ip/microblaze_bd_ilmb_v10_0/microblaze_bd_ilmb_v10_0/microblaze_bd_dlmb_v10_0_in_context.xdc] for cell 'microblaze_bd_i/microblaze_0_local_memory/ilmb_v10'
Finished Parsing XDC File [/home/javier/Desktop/Debian2/02_microblaze_axi_Artix7/02_microblaze_axi.srcs/sources_1/bd/microblaze_bd/ip/microblaze_bd_ilmb_v10_0/microblaze_bd_ilmb_v10_0/microblaze_bd_dlmb_v10_0_in_context.xdc] for cell 'microblaze_bd_i/microblaze_0_local_memory/ilmb_v10'
Parsing XDC File [/home/javier/Desktop/Debian2/02_microblaze_axi_Artix7/02_microblaze_axi.srcs/sources_1/bd/microblaze_bd/ip/microblaze_bd_dlmb_bram_if_cntlr_0/microblaze_bd_dlmb_bram_if_cntlr_0/microblaze_bd_dlmb_bram_if_cntlr_0_in_context.xdc] for cell 'microblaze_bd_i/microblaze_0_local_memory/dlmb_bram_if_cntlr'
Finished Parsing XDC File [/home/javier/Desktop/Debian2/02_microblaze_axi_Artix7/02_microblaze_axi.srcs/sources_1/bd/microblaze_bd/ip/microblaze_bd_dlmb_bram_if_cntlr_0/microblaze_bd_dlmb_bram_if_cntlr_0/microblaze_bd_dlmb_bram_if_cntlr_0_in_context.xdc] for cell 'microblaze_bd_i/microblaze_0_local_memory/dlmb_bram_if_cntlr'
Parsing XDC File [/home/javier/Desktop/Debian2/02_microblaze_axi_Artix7/02_microblaze_axi.srcs/sources_1/bd/microblaze_bd/ip/microblaze_bd_ilmb_bram_if_cntlr_0/microblaze_bd_ilmb_bram_if_cntlr_0/microblaze_bd_ilmb_bram_if_cntlr_0_in_context.xdc] for cell 'microblaze_bd_i/microblaze_0_local_memory/ilmb_bram_if_cntlr'
Finished Parsing XDC File [/home/javier/Desktop/Debian2/02_microblaze_axi_Artix7/02_microblaze_axi.srcs/sources_1/bd/microblaze_bd/ip/microblaze_bd_ilmb_bram_if_cntlr_0/microblaze_bd_ilmb_bram_if_cntlr_0/microblaze_bd_ilmb_bram_if_cntlr_0_in_context.xdc] for cell 'microblaze_bd_i/microblaze_0_local_memory/ilmb_bram_if_cntlr'
Parsing XDC File [/home/javier/Desktop/Debian2/02_microblaze_axi_Artix7/02_microblaze_axi.srcs/sources_1/bd/microblaze_bd/ip/microblaze_bd_lmb_bram_0/microblaze_bd_lmb_bram_0/microblaze_bd_lmb_bram_0_in_context.xdc] for cell 'microblaze_bd_i/microblaze_0_local_memory/lmb_bram'
Finished Parsing XDC File [/home/javier/Desktop/Debian2/02_microblaze_axi_Artix7/02_microblaze_axi.srcs/sources_1/bd/microblaze_bd/ip/microblaze_bd_lmb_bram_0/microblaze_bd_lmb_bram_0/microblaze_bd_lmb_bram_0_in_context.xdc] for cell 'microblaze_bd_i/microblaze_0_local_memory/lmb_bram'
Parsing XDC File [/home/javier/Desktop/Debian2/02_microblaze_axi_Artix7/02_microblaze_axi.srcs/sources_1/bd/microblaze_bd/ip/microblaze_bd_mdm_1_0/microblaze_bd_mdm_1_0/microblaze_bd_mdm_1_0_in_context.xdc] for cell 'microblaze_bd_i/mdm_1'
Finished Parsing XDC File [/home/javier/Desktop/Debian2/02_microblaze_axi_Artix7/02_microblaze_axi.srcs/sources_1/bd/microblaze_bd/ip/microblaze_bd_mdm_1_0/microblaze_bd_mdm_1_0/microblaze_bd_mdm_1_0_in_context.xdc] for cell 'microblaze_bd_i/mdm_1'
Parsing XDC File [/home/javier/Desktop/Debian2/02_microblaze_axi_Artix7/02_microblaze_axi.srcs/sources_1/bd/microblaze_bd/ip/microblaze_bd_clk_wiz_1_0/microblaze_bd_clk_wiz_1_0/microblaze_bd_clk_wiz_1_0_in_context.xdc] for cell 'microblaze_bd_i/clk_wiz_1'
Finished Parsing XDC File [/home/javier/Desktop/Debian2/02_microblaze_axi_Artix7/02_microblaze_axi.srcs/sources_1/bd/microblaze_bd/ip/microblaze_bd_clk_wiz_1_0/microblaze_bd_clk_wiz_1_0/microblaze_bd_clk_wiz_1_0_in_context.xdc] for cell 'microblaze_bd_i/clk_wiz_1'
Parsing XDC File [/home/javier/Desktop/Debian2/02_microblaze_axi_Artix7/02_microblaze_axi.srcs/sources_1/bd/microblaze_bd/ip/microblaze_bd_rst_clk_wiz_1_100M_0/microblaze_bd_rst_clk_wiz_1_100M_0/microblaze_bd_rst_clk_wiz_1_100M_0_in_context.xdc] for cell 'microblaze_bd_i/rst_clk_wiz_1_100M'
Finished Parsing XDC File [/home/javier/Desktop/Debian2/02_microblaze_axi_Artix7/02_microblaze_axi.srcs/sources_1/bd/microblaze_bd/ip/microblaze_bd_rst_clk_wiz_1_100M_0/microblaze_bd_rst_clk_wiz_1_100M_0/microblaze_bd_rst_clk_wiz_1_100M_0_in_context.xdc] for cell 'microblaze_bd_i/rst_clk_wiz_1_100M'
Parsing XDC File [/home/javier/Desktop/Debian2/02_microblaze_axi_Artix7/02_microblaze_axi.srcs/sources_1/bd/microblaze_bd/ip/microblaze_bd_axi_uartlite_0_0/microblaze_bd_axi_uartlite_0_0/microblaze_bd_axi_uartlite_0_0_in_context.xdc] for cell 'microblaze_bd_i/axi_uartlite_0'
Finished Parsing XDC File [/home/javier/Desktop/Debian2/02_microblaze_axi_Artix7/02_microblaze_axi.srcs/sources_1/bd/microblaze_bd/ip/microblaze_bd_axi_uartlite_0_0/microblaze_bd_axi_uartlite_0_0/microblaze_bd_axi_uartlite_0_0_in_context.xdc] for cell 'microblaze_bd_i/axi_uartlite_0'
Parsing XDC File [/home/javier/Desktop/Debian2/02_microblaze_axi_Artix7/02_microblaze_axi.srcs/sources_1/bd/microblaze_bd/ip/microblaze_bd_axi_gpio_0_0/microblaze_bd_axi_gpio_0_0/microblaze_bd_axi_gpio_0_0_in_context.xdc] for cell 'microblaze_bd_i/axi_gpio_0'
Finished Parsing XDC File [/home/javier/Desktop/Debian2/02_microblaze_axi_Artix7/02_microblaze_axi.srcs/sources_1/bd/microblaze_bd/ip/microblaze_bd_axi_gpio_0_0/microblaze_bd_axi_gpio_0_0/microblaze_bd_axi_gpio_0_0_in_context.xdc] for cell 'microblaze_bd_i/axi_gpio_0'
Parsing XDC File [/home/javier/Desktop/Debian2/02_microblaze_axi_Artix7/02_microblaze_axi.srcs/sources_1/bd/microblaze_bd/ip/microblaze_bd_xbar_0/microblaze_bd_xbar_0/microblaze_bd_xbar_0_in_context.xdc] for cell 'microblaze_bd_i/microblaze_0_axi_periph/xbar'
Finished Parsing XDC File [/home/javier/Desktop/Debian2/02_microblaze_axi_Artix7/02_microblaze_axi.srcs/sources_1/bd/microblaze_bd/ip/microblaze_bd_xbar_0/microblaze_bd_xbar_0/microblaze_bd_xbar_0_in_context.xdc] for cell 'microblaze_bd_i/microblaze_0_axi_periph/xbar'
Parsing XDC File [/home/javier/Desktop/Debian2/02_microblaze_axi_Artix7/02_microblaze_axi.srcs/sources_1/bd/microblaze_bd/ip/microblaze_bd_axi_uartlite_1_0/microblaze_bd_axi_uartlite_1_0/microblaze_bd_axi_uartlite_0_0_in_context.xdc] for cell 'microblaze_bd_i/axi_uartlite_1'
Finished Parsing XDC File [/home/javier/Desktop/Debian2/02_microblaze_axi_Artix7/02_microblaze_axi.srcs/sources_1/bd/microblaze_bd/ip/microblaze_bd_axi_uartlite_1_0/microblaze_bd_axi_uartlite_1_0/microblaze_bd_axi_uartlite_0_0_in_context.xdc] for cell 'microblaze_bd_i/axi_uartlite_1'
Parsing XDC File [/home/javier/Desktop/Debian2/02_microblaze_axi_Artix7/02_microblaze_axi.srcs/constrs_1/new/soc_pins.xdc]
Finished Parsing XDC File [/home/javier/Desktop/Debian2/02_microblaze_axi_Artix7/02_microblaze_axi.srcs/constrs_1/new/soc_pins.xdc]
INFO: [Project 1-236] Implementation specific constraints were found while reading constraint file [/home/javier/Desktop/Debian2/02_microblaze_axi_Artix7/02_microblaze_axi.srcs/constrs_1/new/soc_pins.xdc]. These constraints will be ignored for synthesis but will be used in implementation. Impacted constraints are listed in the file [.Xil/microblaze_bd_wrapper_propImpl.xdc].
Resolution: To avoid this warning, move constraints listed in [.Xil/microblaze_bd_wrapper_propImpl.xdc] to another XDC file and exclude this new file from synthesis with the used_in_synthesis property (File Properties dialog in GUI) and re-run elaboration/synthesis.
Parsing XDC File [/home/javier/Desktop/Debian2/02_microblaze_axi_Artix7/02_microblaze_axi.runs/synth_1/dont_touch.xdc]
Finished Parsing XDC File [/home/javier/Desktop/Debian2/02_microblaze_axi_Artix7/02_microblaze_axi.runs/synth_1/dont_touch.xdc]
Completed Processing XDC Constraints

Netlist sorting complete. Time (s): cpu = 00:00:00 ; elapsed = 00:00:00 . Memory (MB): peak = 2222.188 ; gain = 0.000 ; free physical = 141 ; free virtual = 3558
INFO: [Project 1-111] Unisim Transformation Summary:
No Unisim elements were transformed.

Constraint Validation Runtime : Time (s): cpu = 00:00:00 ; elapsed = 00:00:00 . Memory (MB): peak = 2222.188 ; gain = 0.000 ; free physical = 141 ; free virtual = 3558
WARNING: [Timing 38-316] Clock period '20.000' specified during out-of-context synthesis of instance 'microblaze_bd_i/microblaze_0_local_memory/lmb_bram' at clock pin 'clka' is different from the actual clock period '10.000', this can lead to different synthesis results.
---------------------------------------------------------------------------------
Finished Constraint Validation : Time (s): cpu = 00:00:10 ; elapsed = 00:00:14 . Memory (MB): peak = 2225.156 ; gain = 413.090 ; free physical = 207 ; free virtual = 3625
---------------------------------------------------------------------------------
---------------------------------------------------------------------------------
Start Loading Part and Timing Information
---------------------------------------------------------------------------------
Loading part: xc7a100tcsg324-1
---------------------------------------------------------------------------------
Finished Loading Part and Timing Information : Time (s): cpu = 00:00:10 ; elapsed = 00:00:14 . Memory (MB): peak = 2225.156 ; gain = 413.090 ; free physical = 207 ; free virtual = 3625
---------------------------------------------------------------------------------
---------------------------------------------------------------------------------
Start Applying 'set_property' XDC Constraints
---------------------------------------------------------------------------------
Applied set_property IO_BUFFER_TYPE = NONE for clk. (constraint file  /home/javier/Desktop/Debian2/02_microblaze_axi_Artix7/02_microblaze_axi.srcs/sources_1/bd/microblaze_bd/ip/microblaze_bd_clk_wiz_1_0/microblaze_bd_clk_wiz_1_0/microblaze_bd_clk_wiz_1_0_in_context.xdc, line 3).
Applied set_property CLOCK_BUFFER_TYPE = NONE for clk. (constraint file  /home/javier/Desktop/Debian2/02_microblaze_axi_Artix7/02_microblaze_axi.srcs/sources_1/bd/microblaze_bd/ip/microblaze_bd_clk_wiz_1_0/microblaze_bd_clk_wiz_1_0/microblaze_bd_clk_wiz_1_0_in_context.xdc, line 4).
Applied set_property DONT_TOUCH = true for microblaze_bd_i. (constraint file  auto generated constraint, line ).
Applied set_property DONT_TOUCH = true for microblaze_bd_i/microblaze_0. (constraint file  auto generated constraint, line ).
Applied set_property DONT_TOUCH = true for microblaze_bd_i/microblaze_0_local_memory/dlmb_v10. (constraint file  auto generated constraint, line ).
Applied set_property DONT_TOUCH = true for microblaze_bd_i/microblaze_0_local_memory/ilmb_v10. (constraint file  auto generated constraint, line ).
Applied set_property DONT_TOUCH = true for microblaze_bd_i/microblaze_0_local_memory/dlmb_bram_if_cntlr. (constraint file  auto generated constraint, line ).
Applied set_property DONT_TOUCH = true for microblaze_bd_i/microblaze_0_local_memory/ilmb_bram_if_cntlr. (constraint file  auto generated constraint, line ).
Applied set_property DONT_TOUCH = true for microblaze_bd_i/microblaze_0_local_memory/lmb_bram. (constraint file  auto generated constraint, line ).
Applied set_property DONT_TOUCH = true for microblaze_bd_i/mdm_1. (constraint file  auto generated constraint, line ).
Applied set_property DONT_TOUCH = true for microblaze_bd_i/clk_wiz_1. (constraint file  auto generated constraint, line ).
Applied set_property DONT_TOUCH = true for microblaze_bd_i/rst_clk_wiz_1_100M. (constraint file  auto generated constraint, line ).
Applied set_property DONT_TOUCH = true for microblaze_bd_i/axi_uartlite_0. (constraint file  auto generated constraint, line ).
Applied set_property DONT_TOUCH = true for microblaze_bd_i/axi_gpio_0. (constraint file  auto generated constraint, line ).
Applied set_property DONT_TOUCH = true for microblaze_bd_i/microblaze_0_axi_periph/xbar. (constraint file  auto generated constraint, line ).
Applied set_property DONT_TOUCH = true for microblaze_bd_i/microblaze_0_axi_periph. (constraint file  auto generated constraint, line ).
Applied set_property DONT_TOUCH = true for microblaze_bd_i/axi_uartlite_1. (constraint file  auto generated constraint, line ).
---------------------------------------------------------------------------------
Finished applying 'set_property' XDC Constraints : Time (s): cpu = 00:00:10 ; elapsed = 00:00:14 . Memory (MB): peak = 2225.156 ; gain = 413.090 ; free physical = 207 ; free virtual = 3625
---------------------------------------------------------------------------------
---------------------------------------------------------------------------------
Finished RTL Optimization Phase 2 : Time (s): cpu = 00:00:10 ; elapsed = 00:00:14 . Memory (MB): peak = 2225.156 ; gain = 413.090 ; free physical = 205 ; free virtual = 3624
---------------------------------------------------------------------------------

Report RTL Partitions: 
+-+--------------+------------+----------+
| |RTL Partition |Replication |Instances |
+-+--------------+------------+----------+
+-+--------------+------------+----------+
---------------------------------------------------------------------------------
Start RTL Component Statistics 
---------------------------------------------------------------------------------
Detailed RTL Component Info : 
---------------------------------------------------------------------------------
Finished RTL Component Statistics 
---------------------------------------------------------------------------------
---------------------------------------------------------------------------------
Start RTL Hierarchical Component Statistics 
---------------------------------------------------------------------------------
Hierarchical RTL Component report 
---------------------------------------------------------------------------------
Finished RTL Hierarchical Component Statistics
---------------------------------------------------------------------------------
---------------------------------------------------------------------------------
Start Part Resource Summary
---------------------------------------------------------------------------------
Part Resources:
DSPs: 240 (col length:80)
BRAMs: 270 (col length: RAMB18 80 RAMB36 40)
---------------------------------------------------------------------------------
Finished Part Resource Summary
---------------------------------------------------------------------------------
---------------------------------------------------------------------------------
Start Cross Boundary and Area Optimization
---------------------------------------------------------------------------------
Warning: Parallel synthesis criteria is not met 
WARNING: [Synth 8-3331] design microblaze_bd_microblaze_0_axi_periph_0 has unconnected port M00_ACLK
WARNING: [Synth 8-3331] design microblaze_bd_microblaze_0_axi_periph_0 has unconnected port M00_ARESETN
WARNING: [Synth 8-3331] design microblaze_bd_microblaze_0_axi_periph_0 has unconnected port M01_ACLK
WARNING: [Synth 8-3331] design microblaze_bd_microblaze_0_axi_periph_0 has unconnected port M01_ARESETN
WARNING: [Synth 8-3331] design microblaze_bd_microblaze_0_axi_periph_0 has unconnected port M02_ACLK
WARNING: [Synth 8-3331] design microblaze_bd_microblaze_0_axi_periph_0 has unconnected port M02_ARESETN
WARNING: [Synth 8-3331] design microblaze_bd_microblaze_0_axi_periph_0 has unconnected port M03_ACLK
WARNING: [Synth 8-3331] design microblaze_bd_microblaze_0_axi_periph_0 has unconnected port M03_ARESETN
WARNING: [Synth 8-3331] design microblaze_bd_microblaze_0_axi_periph_0 has unconnected port S00_ACLK
WARNING: [Synth 8-3331] design microblaze_bd_microblaze_0_axi_periph_0 has unconnected port S00_ARESETN
---------------------------------------------------------------------------------
Finished Cross Boundary and Area Optimization : Time (s): cpu = 00:00:10 ; elapsed = 00:00:15 . Memory (MB): peak = 2225.156 ; gain = 413.090 ; free physical = 200 ; free virtual = 3622
---------------------------------------------------------------------------------

Report RTL Partitions: 
+-+--------------+------------+----------+
| |RTL Partition |Replication |Instances |
+-+--------------+------------+----------+
+-+--------------+------------+----------+
---------------------------------------------------------------------------------
Start Applying XDC Timing Constraints
---------------------------------------------------------------------------------
---------------------------------------------------------------------------------
Finished Applying XDC Timing Constraints : Time (s): cpu = 00:00:15 ; elapsed = 00:00:21 . Memory (MB): peak = 2225.156 ; gain = 413.090 ; free physical = 128 ; free virtual = 3476
---------------------------------------------------------------------------------
---------------------------------------------------------------------------------
Start Timing Optimization
---------------------------------------------------------------------------------
---------------------------------------------------------------------------------
Finished Timing Optimization : Time (s): cpu = 00:00:15 ; elapsed = 00:00:21 . Memory (MB): peak = 2225.156 ; gain = 413.090 ; free physical = 128 ; free virtual = 3476
---------------------------------------------------------------------------------

Report RTL Partitions: 
+-+--------------+------------+----------+
| |RTL Partition |Replication |Instances |
+-+--------------+------------+----------+
+-+--------------+------------+----------+
---------------------------------------------------------------------------------
Start Technology Mapping
---------------------------------------------------------------------------------
---------------------------------------------------------------------------------
Finished Technology Mapping : Time (s): cpu = 00:00:15 ; elapsed = 00:00:21 . Memory (MB): peak = 2225.156 ; gain = 413.090 ; free physical = 128 ; free virtual = 3471
---------------------------------------------------------------------------------

Report RTL Partitions: 
+-+--------------+------------+----------+
| |RTL Partition |Replication |Instances |
+-+--------------+------------+----------+
+-+--------------+------------+----------+
---------------------------------------------------------------------------------
Start IO Insertion
---------------------------------------------------------------------------------
---------------------------------------------------------------------------------
Start Flattening Before IO Insertion
---------------------------------------------------------------------------------
---------------------------------------------------------------------------------
Finished Flattening Before IO Insertion
---------------------------------------------------------------------------------
---------------------------------------------------------------------------------
Start Final Netlist Cleanup
---------------------------------------------------------------------------------
---------------------------------------------------------------------------------
Finished Final Netlist Cleanup
---------------------------------------------------------------------------------
---------------------------------------------------------------------------------
Finished IO Insertion : Time (s): cpu = 00:00:18 ; elapsed = 00:00:24 . Memory (MB): peak = 2225.156 ; gain = 413.090 ; free physical = 146 ; free virtual = 3466
---------------------------------------------------------------------------------
---------------------------------------------------------------------------------
Start Renaming Generated Instances
---------------------------------------------------------------------------------
---------------------------------------------------------------------------------
Finished Renaming Generated Instances : Time (s): cpu = 00:00:18 ; elapsed = 00:00:24 . Memory (MB): peak = 2225.156 ; gain = 413.090 ; free physical = 147 ; free virtual = 3466
---------------------------------------------------------------------------------

Report RTL Partitions: 
+-+--------------+------------+----------+
| |RTL Partition |Replication |Instances |
+-+--------------+------------+----------+
+-+--------------+------------+----------+

Report Check Netlist: 
+------+------------------+-------+---------+-------+------------------+
|      |Item              |Errors |Warnings |Status |Description       |
+------+------------------+-------+---------+-------+------------------+
|1     |multi_driven_nets |      0|        0|Passed |Multi driven nets |
+------+------------------+-------+---------+-------+------------------+
---------------------------------------------------------------------------------
Start Rebuilding User Hierarchy
---------------------------------------------------------------------------------
---------------------------------------------------------------------------------
Finished Rebuilding User Hierarchy : Time (s): cpu = 00:00:18 ; elapsed = 00:00:24 . Memory (MB): peak = 2225.156 ; gain = 413.090 ; free physical = 147 ; free virtual = 3467
---------------------------------------------------------------------------------
---------------------------------------------------------------------------------
Start Renaming Generated Ports
---------------------------------------------------------------------------------
---------------------------------------------------------------------------------
Finished Renaming Generated Ports : Time (s): cpu = 00:00:18 ; elapsed = 00:00:24 . Memory (MB): peak = 2225.156 ; gain = 413.090 ; free physical = 147 ; free virtual = 3467
---------------------------------------------------------------------------------
---------------------------------------------------------------------------------
Start Handling Custom Attributes
---------------------------------------------------------------------------------
---------------------------------------------------------------------------------
Finished Handling Custom Attributes : Time (s): cpu = 00:00:18 ; elapsed = 00:00:24 . Memory (MB): peak = 2225.156 ; gain = 413.090 ; free physical = 147 ; free virtual = 3467
---------------------------------------------------------------------------------
---------------------------------------------------------------------------------
Start Renaming Generated Nets
---------------------------------------------------------------------------------
---------------------------------------------------------------------------------
Finished Renaming Generated Nets : Time (s): cpu = 00:00:18 ; elapsed = 00:00:24 . Memory (MB): peak = 2225.156 ; gain = 413.090 ; free physical = 147 ; free virtual = 3467
---------------------------------------------------------------------------------
---------------------------------------------------------------------------------
Start Writing Synthesis Report
---------------------------------------------------------------------------------

Report BlackBoxes: 
+------+-----------------------------------+----------+
|      |BlackBox name                      |Instances |
+------+-----------------------------------+----------+
|1     |microblaze_bd_xbar_0               |         1|
|2     |microblaze_bd_axi_gpio_0_0         |         1|
|3     |microblaze_bd_axi_uartlite_0_0     |         1|
|4     |microblaze_bd_axi_uartlite_1_0     |         1|
|5     |microblaze_bd_clk_wiz_1_0          |         1|
|6     |microblaze_bd_mdm_1_0              |         1|
|7     |microblaze_bd_microblaze_0_0       |         1|
|8     |microblaze_bd_rst_clk_wiz_1_100M_0 |         1|
|9     |microblaze_bd_dlmb_bram_if_cntlr_0 |         1|
|10    |microblaze_bd_dlmb_v10_0           |         1|
|11    |microblaze_bd_ilmb_bram_if_cntlr_0 |         1|
|12    |microblaze_bd_ilmb_v10_0           |         1|
|13    |microblaze_bd_lmb_bram_0           |         1|
+------+-----------------------------------+----------+

Report Cell Usage: 
+------+-------------------------------------------+------+
|      |Cell                                       |Count |
+------+-------------------------------------------+------+
|1     |microblaze_bd_axi_gpio_0_0_bbox_0          |     1|
|2     |microblaze_bd_axi_uartlite_0_0_bbox_1      |     1|
|3     |microblaze_bd_axi_uartlite_1_0_bbox_2      |     1|
|4     |microblaze_bd_clk_wiz_1_0_bbox_3           |     1|
|5     |microblaze_bd_dlmb_bram_if_cntlr_0_bbox_7  |     1|
|6     |microblaze_bd_dlmb_v10_0_bbox_8            |     1|
|7     |microblaze_bd_ilmb_bram_if_cntlr_0_bbox_9  |     1|
|8     |microblaze_bd_ilmb_v10_0_bbox_10           |     1|
|9     |microblaze_bd_lmb_bram_0_bbox_11           |     1|
|10    |microblaze_bd_mdm_1_0_bbox_4               |     1|
|11    |microblaze_bd_microblaze_0_0_bbox_5        |     1|
|12    |microblaze_bd_rst_clk_wiz_1_100M_0_bbox_12 |     1|
|13    |microblaze_bd_xbar_0_bbox_6                |     1|
|14    |IBUF                                       |     7|
|15    |OBUF                                       |     6|
+------+-------------------------------------------+------+

Report Instance Areas: 
+------+------------------------------+----------------------------------------+------+
|      |Instance                      |Module                                  |Cells |
+------+------------------------------+----------------------------------------+------+
|1     |top                           |                                        |  1408|
|2     |  microblaze_bd_i             |microblaze_bd                           |  1395|
|3     |    microblaze_0_axi_periph   |microblaze_bd_microblaze_0_axi_periph_0 |   485|
|4     |    microblaze_0_local_memory |microblaze_0_local_memory_imp_RJMXF7    |   496|
+------+------------------------------+----------------------------------------+------+
---------------------------------------------------------------------------------
Finished Writing Synthesis Report : Time (s): cpu = 00:00:18 ; elapsed = 00:00:24 . Memory (MB): peak = 2225.156 ; gain = 413.090 ; free physical = 147 ; free virtual = 3467
---------------------------------------------------------------------------------
Synthesis finished with 0 errors, 0 critical warnings and 10 warnings.
Synthesis Optimization Runtime : Time (s): cpu = 00:00:16 ; elapsed = 00:00:21 . Memory (MB): peak = 2225.156 ; gain = 271.371 ; free physical = 202 ; free virtual = 3522
Synthesis Optimization Complete : Time (s): cpu = 00:00:18 ; elapsed = 00:00:24 . Memory (MB): peak = 2225.156 ; gain = 413.090 ; free physical = 202 ; free virtual = 3522
INFO: [Project 1-571] Translating synthesized netlist
Netlist sorting complete. Time (s): cpu = 00:00:00.01 ; elapsed = 00:00:00.01 . Memory (MB): peak = 2225.156 ; gain = 0.000 ; free physical = 270 ; free virtual = 3590
INFO: [Project 1-570] Preparing netlist for logic optimization
INFO: [Opt 31-138] Pushed 0 inverter(s) to 0 load pin(s).
Netlist sorting complete. Time (s): cpu = 00:00:00 ; elapsed = 00:00:00 . Memory (MB): peak = 2225.156 ; gain = 0.000 ; free physical = 217 ; free virtual = 3537
INFO: [Project 1-111] Unisim Transformation Summary:
No Unisim elements were transformed.

INFO: [Common 17-83] Releasing license: Synthesis
58 Infos, 41 Warnings, 0 Critical Warnings and 0 Errors encountered.
synth_design completed successfully
synth_design: Time (s): cpu = 00:00:25 ; elapsed = 00:00:33 . Memory (MB): peak = 2225.156 ; gain = 669.977 ; free physical = 340 ; free virtual = 3661
Netlist sorting complete. Time (s): cpu = 00:00:00 ; elapsed = 00:00:00 . Memory (MB): peak = 2225.156 ; gain = 0.000 ; free physical = 340 ; free virtual = 3661
WARNING: [Constraints 18-5210] No constraints selected for write.
Resolution: This message can indicate that there are no constraints for the design, or it can indicate that the used_in flags are set such that the constraints are ignored. This later case is used when running synth_design to not write synthesis constraints to the resulting checkpoint. Instead, project constraints are read when the synthesized design is opened.
INFO: [Common 17-1381] The checkpoint '/home/javier/Desktop/Debian2/02_microblaze_axi_Artix7/02_microblaze_axi.runs/synth_1/microblaze_bd_wrapper.dcp' has been generated.
INFO: [runtcl-4] Executing : report_utilization -file microblaze_bd_wrapper_utilization_synth.rpt -pb microblaze_bd_wrapper_utilization_synth.pb
INFO: [Common 17-206] Exiting Vivado at Thu Jun  4 23:21:57 2020...
