#-----------------------------------------------------------
# Webtalk v2019.2 (64-bit)
# SW Build 2708876 on Wed Nov  6 21:39:14 MST 2019
# 
# Start of session at: Wed Jun 24 23:34:45 2020
# Process ID: 9285
# Current directory: /home/javier/Documents/monitoreo_cultivo/LCD/Procesador/02_microblaze_axi_Artix7/webtalk
# Command line: wbtcv -mode batch -source vitis_webtalk.tcl
# Log file: /home/javier/Documents/monitoreo_cultivo/LCD/Procesador/02_microblaze_axi_Artix7/webtalk/webtalk.log
# Journal file: /home/javier/Documents/monitoreo_cultivo/LCD/Procesador/02_microblaze_axi_Artix7/webtalk/webtalk.jou
#-----------------------------------------------------------
source vitis_webtalk.tcl
# webtalk_init -webtalk_dir /home/javier/Documents/monitoreo_cultivo/LCD/Procesador/02_microblaze_axi_Artix7/webtalk
# webtalk_register_client -client project
# webtalk_add_data -client project -key date_generated -value "2020-06-24 23:34:43" -context "software_version_and_target_device"
# webtalk_add_data -client project -key product_version -value "Vitis v2019.2" -context "software_version_and_target_device"
# webtalk_add_data -client project -key build_version -value "2019.2" -context "software_version_and_target_device"
# webtalk_add_data -client project -key os_platform -value "amd64" -context "software_version_and_target_device"
# webtalk_add_data -client project -key registration_id -value "NA" -context "software_version_and_target_device"
# webtalk_add_data -client project -key tool_flow -value "Vitis" -context "software_version_and_target_device"
# webtalk_add_data -client project -key beta -value "false" -context "software_version_and_target_device"
# webtalk_add_data -client project -key route_design -value "NA" -context "software_version_and_target_device"
# webtalk_add_data -client project -key target_family -value "NA" -context "software_version_and_target_device"
# webtalk_add_data -client project -key target_device -value "NA" -context "software_version_and_target_device"
# webtalk_add_data -client project -key target_package -value "NA" -context "software_version_and_target_device"
# webtalk_add_data -client project -key target_speed -value "NA" -context "software_version_and_target_device"
# webtalk_add_data -client project -key random_id -value "ha35gperkpum6vs2srk6jn263d" -context "software_version_and_target_device"
# webtalk_add_data -client project -key project_id -value "2019.2_12" -context "software_version_and_target_device"
# webtalk_add_data -client project -key project_iteration -value "12" -context "software_version_and_target_device"
# webtalk_add_data -client project -key os_name -value "Ubuntu" -context "user_environment"
# webtalk_add_data -client project -key os_release -value "Ubuntu 18.04.4 LTS" -context "user_environment"
# webtalk_add_data -client project -key cpu_name -value "Intel(R) Core(TM) i5-8300H CPU @ 2.30GHz" -context "user_environment"
# webtalk_add_data -client project -key cpu_speed -value "3169.992 MHz" -context "user_environment"
# webtalk_add_data -client project -key total_processors -value "1" -context "user_environment"
# webtalk_add_data -client project -key system_ram -value "8,197 GB" -context "user_environment"
# webtalk_register_client -client vitis
# webtalk_add_data -client vitis -key uid -value "NA" -context "vitis\\\\tool/1593059683510"
# webtalk_add_data -client vitis -key RecordType -value "ToolUsage" -context "vitis\\\\tool/1593059683510"
# webtalk_add_data -client vitis -key BOOTGEN_count -value "0" -context "vitis\\\\tool/1593059683510"
# webtalk_add_data -client vitis -key FLASH_count -value "0" -context "vitis\\\\tool/1593059683510"
# webtalk_add_data -client vitis -key MOVE_APP_TO_SYSTEM_count -value "0" -context "vitis\\\\tool/1593059683510"
# webtalk_add_data -client vitis -key SDX_EXPORT_count -value "0" -context "vitis\\\\tool/1593059683510"
# webtalk_add_data -client vitis -key SDX_IMPORT_count -value "0" -context "vitis\\\\tool/1593059683510"
# webtalk_add_data -client vitis -key SDX_BUILD_count -value "0" -context "vitis\\\\tool/1593059683510"
# webtalk_add_data -client vitis -key SDX_NO_OP_BUILD_count -value "0" -context "vitis\\\\tool/1593059683510"
# webtalk_add_data -client vitis -key TCF_APP_DEBUG_count -value "1" -context "vitis\\\\tool/1593059683510"
# webtalk_add_data -client vitis -key TCF_SYSTEM_DEBUG_count -value "1" -context "vitis\\\\tool/1593059683510"
# webtalk_add_data -client vitis -key GDB_DEBUG_count -value "0" -context "vitis\\\\tool/1593059683510"
# webtalk_add_data -client vitis -key QEMU_DEBUG_count -value "0" -context "vitis\\\\tool/1593059683510"
# webtalk_add_data -client vitis -key ESTIMATION_DEBUG_count -value "0" -context "vitis\\\\tool/1593059683510"
# webtalk_add_data -client vitis -key SDSOC_TRACE_count -value "0" -context "vitis\\\\tool/1593059683510"
# webtalk_add_data -client vitis -key PERFORMANCE_ANALYSIS_count -value "0" -context "vitis\\\\tool/1593059683510"
# webtalk_add_data -client vitis -key SPM_ANALYSIS_count -value "0" -context "vitis\\\\tool/1593059683510"
# webtalk_add_data -client vitis -key CROSS_TRIGGER_count -value "0" -context "vitis\\\\tool/1593059683510"
# webtalk_add_data -client vitis -key TCF_PROFILER_count -value "0" -context "vitis\\\\tool/1593059683510"
# webtalk_add_data -client vitis -key APPLICATION_PLATFORM_CHANGE_count -value "0" -context "vitis\\\\tool/1593059683510"
# webtalk_add_data -client vitis -key APPLICATION_SYS_CONFIG_CHANGE_count -value "0" -context "vitis\\\\tool/1593059683510"
# webtalk_add_data -client vitis -key SYSTEM_PLATFORM_CHANGE_count -value "0" -context "vitis\\\\tool/1593059683510"
# webtalk_transmit -clientid 353637818 -regid "" -xml /home/javier/Documents/monitoreo_cultivo/LCD/Procesador/02_microblaze_axi_Artix7/webtalk/usage_statistics_ext_vitis.xml -html /home/javier/Documents/monitoreo_cultivo/LCD/Procesador/02_microblaze_axi_Artix7/webtalk/usage_statistics_ext_vitis.html -wdm /home/javier/Documents/monitoreo_cultivo/LCD/Procesador/02_microblaze_axi_Artix7/webtalk/vitis_webtalk.wdm -intro "<H3>Vitis Usage Report</H3><BR>"
INFO: [Common 17-186] '/home/javier/Documents/monitoreo_cultivo/LCD/Procesador/02_microblaze_axi_Artix7/webtalk/usage_statistics_ext_vitis.xml' has been successfully sent to Xilinx on Wed Jun 24 23:34:49 2020. For additional details about this file, please refer to the WebTalk help file at /tools/Xilinx/Vitis/2019.2/doc/webtalk_introduction.html.
# webtalk_terminate
INFO: [Common 17-206] Exiting Webtalk at Wed Jun 24 23:34:49 2020...
